Log file open, 12/17/19 17:32:28
LogWindows: Failed to load 'aqProf.dll' (GetLastError=126)
LogWindows: File 'aqProf.dll' does not exist
LogWindows: Failed to load 'VtuneApi.dll' (GetLastError=126)
LogWindows: File 'VtuneApi.dll' does not exist
LogWindows: Failed to load 'VtuneApi32e.dll' (GetLastError=126)
LogWindows: File 'VtuneApi32e.dll' does not exist
LogConsoleResponse: Display: Failed to find resolution value strings in scalability ini. Falling back to default.
LogInit: Display: Running engine for game: MyProject2
LogPlatformFile: Not using cached read wrapper
LogTaskGraph: Started task graph with 5 named threads and 23 total threads with 3 sets of task threads.
LogStats: Stats thread started at 0.189489
LogD3D11RHI: Loaded GFSDK_Aftermath_Lib.x64.dll
LogICUInternationalization: ICU TimeZone Detection - Raw Offset: +1:00, Platform Override: ''
LogPluginManager: Mounting plugin Paper2D
LogPluginManager: Mounting plugin AISupport
LogPluginManager: Mounting plugin LightPropagationVolume
LogPluginManager: Mounting plugin ActorLayerUtilities
LogPluginManager: Mounting plugin AnimationSharing
LogPluginManager: Mounting plugin CLionSourceCodeAccess
LogPluginManager: Mounting plugin CodeLiteSourceCodeAccess
LogPluginManager: Mounting plugin GitSourceControl
LogPluginManager: Mounting plugin KDevelopSourceCodeAccess
LogPluginManager: Mounting plugin NullSourceCodeAccess
LogPluginManager: Mounting plugin PerforceSourceControl
LogPluginManager: Mounting plugin SubversionSourceControl
LogPluginManager: Mounting plugin UObjectPlugin
LogPluginManager: Mounting plugin VisualStudioCodeSourceCodeAccess
LogPluginManager: Mounting plugin VisualStudioSourceCodeAccess
LogPluginManager: Mounting plugin XCodeSourceCodeAccess
LogPluginManager: Mounting plugin AssetManagerEditor
LogPluginManager: Mounting plugin CryptoKeys
LogPluginManager: Mounting plugin CurveEditorTools
LogPluginManager: Mounting plugin DataValidation
LogPluginManager: Mounting plugin FacialAnimation
LogPluginManager: Mounting plugin GameplayTagsEditor
LogPluginManager: Mounting plugin MacGraphicsSwitching
LogPluginManager: Mounting plugin MaterialAnalyzer
LogPluginManager: Mounting plugin MobileLauncherProfileWizard
LogPluginManager: Mounting plugin PluginBrowser
LogPluginManager: Mounting plugin SpeedTreeImporter
LogPluginManager: Mounting plugin DatasmithContent
LogPluginManager: Mounting plugin VariantManagerContent
LogPluginManager: Mounting plugin AlembicImporter
LogPluginManager: Mounting plugin AutomationUtils
LogPluginManager: Mounting plugin BackChannel
LogPluginManager: Mounting plugin CharacterAI
LogPluginManager: Mounting plugin GeometryCache
LogPluginManager: Mounting plugin HTML5Networking
LogPluginManager: Mounting plugin PlatformCrypto
LogPluginManager: Mounting plugin ProxyLODPlugin
LogPluginManager: Mounting plugin SkeletalReduction
LogPluginManager: Mounting plugin MagicLeap
LogPluginManager: Mounting plugin MagicLeapMedia
LogPluginManager: Mounting plugin AndroidMedia
LogPluginManager: Mounting plugin AvfMedia
LogPluginManager: Mounting plugin ImgMedia
LogPluginManager: Mounting plugin MediaCompositing
LogPluginManager: Mounting plugin MediaPlayerEditor
LogPluginManager: Mounting plugin WebMMedia
LogPluginManager: Mounting plugin WmfMedia
LogPluginManager: Mounting plugin TcpMessaging
LogPluginManager: Mounting plugin UdpMessaging
LogPluginManager: Mounting plugin ActorSequence
LogPluginManager: Mounting plugin LevelSequenceEditor
LogPluginManager: Mounting plugin MatineeToLevelSequence
LogPluginManager: Mounting plugin NetcodeUnitTest
LogPluginManager: Mounting plugin NUTUnrealEngine4
LogPluginManager: Mounting plugin OnlineSubsystemGooglePlay
LogPluginManager: Mounting plugin OnlineSubsystemIOS
LogPluginManager: Mounting plugin OnlineSubsystem
LogPluginManager: Mounting plugin OnlineSubsystemNull
LogPluginManager: Mounting plugin OnlineSubsystemUtils
LogPluginManager: Mounting plugin LauncherChunkInstaller
LogPluginManager: Mounting plugin AndroidDeviceProfileSelector
LogPluginManager: Mounting plugin AndroidMoviePlayer
LogPluginManager: Mounting plugin AndroidPermission
LogPluginManager: Mounting plugin AppleImageUtils
LogPluginManager: Mounting plugin AppleMoviePlayer
LogPluginManager: Mounting plugin ArchVisCharacter
LogPluginManager: Mounting plugin AudioCapture
LogPluginManager: Mounting plugin CableComponent
LogPluginManager: Mounting plugin CustomMeshComponent
LogPluginManager: Mounting plugin EditableMesh
LogPluginManager: Mounting plugin ExampleDeviceProfileSelector
LogPluginManager: Mounting plugin GoogleCloudMessaging
LogPluginManager: Mounting plugin IOSDeviceProfileSelector
LogPluginManager: Mounting plugin LinuxDeviceProfileSelector
LogPluginManager: Mounting plugin LocationServicesBPLibrary
LogPluginManager: Mounting plugin MobilePatchingUtils
LogPluginManager: Mounting plugin OculusVR
LogPluginManager: Mounting plugin PhysXVehicles
LogPluginManager: Mounting plugin ProceduralMeshComponent
LogPluginManager: Mounting plugin RuntimePhysXCooking
LogPluginManager: Mounting plugin SignificanceManager
LogPluginManager: Mounting plugin SteamVR
LogPluginManager: Mounting plugin WebMMoviePlayer
LogPluginManager: Mounting plugin WindowsMoviePlayer
LogPluginManager: Mounting plugin ScreenshotTools
LogInit: Using libcurl 7.55.1-DEV
LogInit:  - built for x86_64-pc-win32
LogInit:  - supports SSL with OpenSSL/1.1.1
LogInit:  - supports HTTP deflate (compression) using libz 1.2.8
LogInit:  - other features:
LogInit:      CURL_VERSION_SSL
LogInit:      CURL_VERSION_LIBZ
LogInit:      CURL_VERSION_IPV6
LogInit:      CURL_VERSION_ASYNCHDNS
LogInit:      CURL_VERSION_LARGEFILE
LogInit:      CURL_VERSION_IDN
LogInit:  CurlRequestOptions (configurable via config and command line):
LogInit:  - bVerifyPeer = true  - Libcurl will verify peer certificate
LogInit:  - bUseHttpProxy = false  - Libcurl will NOT use HTTP proxy
LogInit:  - bDontReuseConnections = false  - Libcurl will reuse connections
LogInit:  - MaxHostConnections = 16  - Libcurl will limit the number of connections to a host
LogInit:  - LocalHostAddr = Default
LogInit:  - BufferSize = 65536
LogOnline: OSS: Creating online subsystem instance for: NULL
LogInit: WinSock: version 1.1 (2.2), MaxSocks=32767, MaxUdp=65467
LogInit: Build: ++UE4+Release-4.23-CL-9631420
LogInit: Engine Version: 4.23.1-9631420+++UE4+Release-4.23
LogInit: Compatible Engine Version: 4.23.0-8386587+++UE4+Release-4.23
LogInit: Net CL: 8386587
LogInit: OS: Windows 10 (Release 1903) (), CPU: AMD Ryzen 5 2500U with Radeon Vega Mobile Gfx  , GPU: AMD Radeon(TM) Vega 8 Mobile Graphics
LogInit: Compiled (64-bit): Oct 18 2019 02:07:44
LogInit: Compiled with Visual C++: 19.16.27030.01
LogInit: Build Configuration: Development
LogInit: Branch Name: ++UE4+Release-4.23
LogInit: Command Line: 
LogInit: Base Directory: C:/Program Files/Epic Games/UE_4.23/Engine/Binaries/Win64/
LogInit: Installed Engine Build: 1
LogDevObjectVersion: Number of dev versions registered: 23
LogDevObjectVersion:   Dev-Blueprints (B0D832E4-1F89-4F0D-ACCF-7EB736FD4AA2): 10
LogDevObjectVersion:   Dev-Build (E1C64328-A22C-4D53-A36C-8E866417BD8C): 0
LogDevObjectVersion:   Dev-Core (375EC13C-06E4-48FB-B500-84F0262A717E): 3
LogDevObjectVersion:   Dev-Editor (E4B068ED-F494-42E9-A231-DA0B2E46BB41): 34
LogDevObjectVersion:   Dev-Framework (CFFC743F-43B0-4480-9391-14DF171D2073): 35
LogDevObjectVersion:   Dev-Mobile (B02B49B5-BB20-44E9-A304-32B752E40360): 2
LogDevObjectVersion:   Dev-Networking (A4E4105C-59A1-49B5-A7C5-40C4547EDFEE): 0
LogDevObjectVersion:   Dev-Online (39C831C9-5AE6-47DC-9A44-9C173E1C8E7C): 0
LogDevObjectVersion:   Dev-Physics (78F01B33-EBEA-4F98-B9B4-84EACCB95AA2): 0
LogDevObjectVersion:   Dev-Platform (6631380F-2D4D-43E0-8009-CF276956A95A): 0
LogDevObjectVersion:   Dev-Rendering (12F88B9F-8875-4AFC-A67C-D90C383ABD29): 31
LogDevObjectVersion:   Dev-Sequencer (7B5AE74C-D270-4C10-A958-57980B212A5A): 11
LogDevObjectVersion:   Dev-VR (D7296918-1DD6-4BDD-9DE2-64A83CC13884): 2
LogDevObjectVersion:   Dev-LoadTimes (C2A15278-BFE7-4AFE-6C17-90FF531DF755): 1
LogDevObjectVersion:   Private-Geometry (6EACA3D4-40EC-4CC1-B786-8BED09428FC5): 3
LogDevObjectVersion:   Dev-AnimPhys (29E575DD-E0A3-4627-9D10-D276232CDCEA): 17
LogDevObjectVersion:   Dev-Anim (AF43A65D-7FD3-4947-9873-3E8ED9C1BB05): 2
LogDevObjectVersion:   Dev-ReflectionCapture (6B266CEC-1EC7-4B8F-A30B-E4D90942FC07): 1
LogDevObjectVersion:   Dev-Automation (0DF73D61-A23F-47EA-B727-89E90C41499A): 1
LogDevObjectVersion:   FortniteMain (601D1886-AC64-4F84-AA16-D3DE0DEAC7D6): 27
LogDevObjectVersion:   Dev-Enterprise (9DFFBCD6-494F-0158-E221-12823C92A888): 6
LogDevObjectVersion:   Dev-Niagara (F2AED0AC-9AFE-416F-8664-AA7FFA26D6FC): 1
LogDevObjectVersion:   Dev-Destruction (174F1F0B-B4C6-45A5-B13F-2EE8D0FB917D): 9
LogInit: Presizing for max 16777216 objects, including 0 objects not considered by GC, pre-allocating 0 bytes for permanent pool.
LogInit: Object subsystem initialized
LogConfig: Setting CVar [[con.DebugEarlyDefault:1]]
LogConfig: Setting CVar [[r.setres:1280x720]]
[2019.12.17-16.32.28:768][  0]LogConfig: Setting CVar [[r.VSync:0]]
[2019.12.17-16.32.28:768][  0]LogConfig: Setting CVar [[r.RHICmdBypass:0]]
[2019.12.17-16.32.28:768][  0]LogConfig: Applying CVar settings from Section [/Script/Engine.RendererSettings] File [C:/Polilama/MyProject2/Saved/Config/Windows/Engine.ini]
[2019.12.17-16.32.28:768][  0]LogConfig: Setting CVar [[r.GPUCrashDebugging:0]]
[2019.12.17-16.32.28:769][  0]LogConfig: Applying CVar settings from Section [/Script/Engine.RendererOverrideSettings] File [C:/Polilama/MyProject2/Saved/Config/Windows/Engine.ini]
[2019.12.17-16.32.28:769][  0]LogConfig: Applying CVar settings from Section [/Script/Engine.StreamingSettings] File [C:/Polilama/MyProject2/Saved/Config/Windows/Engine.ini]
[2019.12.17-16.32.28:769][  0]LogConfig: Setting CVar [[s.MinBulkDataSizeForAsyncLoading:131072]]
[2019.12.17-16.32.28:769][  0]LogConfig: Setting CVar [[s.AsyncLoadingThreadEnabled:0]]
[2019.12.17-16.32.28:769][  0]LogConfig: Setting CVar [[s.EventDrivenLoaderEnabled:1]]
[2019.12.17-16.32.28:769][  0]LogConfig: Setting CVar [[s.WarnIfTimeLimitExceeded:0]]
[2019.12.17-16.32.28:769][  0]LogConfig: Setting CVar [[s.TimeLimitExceededMultiplier:1.5]]
[2019.12.17-16.32.28:769][  0]LogConfig: Setting CVar [[s.TimeLimitExceededMinTime:0.005]]
[2019.12.17-16.32.28:769][  0]LogConfig: Setting CVar [[s.UseBackgroundLevelStreaming:1]]
[2019.12.17-16.32.28:769][  0]LogConfig: Setting CVar [[s.PriorityAsyncLoadingExtraTime:15.0]]
[2019.12.17-16.32.28:769][  0]LogConfig: Setting CVar [[s.LevelStreamingActorsUpdateTimeLimit:5.0]]
[2019.12.17-16.32.28:769][  0]LogConfig: Setting CVar [[s.PriorityLevelStreamingActorsUpdateExtraTime:5.0]]
[2019.12.17-16.32.28:769][  0]LogConfig: Setting CVar [[s.LevelStreamingComponentsRegistrationGranularity:10]]
[2019.12.17-16.32.28:769][  0]LogConfig: Setting CVar [[s.UnregisterComponentsTimeLimit:1.0]]
[2019.12.17-16.32.28:769][  0]LogConfig: Setting CVar [[s.LevelStreamingComponentsUnregistrationGranularity:5]]
[2019.12.17-16.32.28:769][  0]LogConfig: Applying CVar settings from Section [/Script/Engine.GarbageCollectionSettings] File [C:/Polilama/MyProject2/Saved/Config/Windows/Engine.ini]
[2019.12.17-16.32.28:769][  0]LogConfig: Setting CVar [[gc.MaxObjectsNotConsideredByGC:1]]
[2019.12.17-16.32.28:769][  0]LogConfig: Setting CVar [[gc.SizeOfPermanentObjectPool:0]]
[2019.12.17-16.32.28:769][  0]LogConfig: Setting CVar [[gc.FlushStreamingOnGC:0]]
[2019.12.17-16.32.28:769][  0]LogConfig: Setting CVar [[gc.NumRetriesBeforeForcingGC:10]]
[2019.12.17-16.32.28:769][  0]LogConfig: Setting CVar [[gc.AllowParallelGC:1]]
[2019.12.17-16.32.28:769][  0]LogConfig: Setting CVar [[gc.TimeBetweenPurgingPendingKillObjects:61.1]]
[2019.12.17-16.32.28:769][  0]LogConfig: Setting CVar [[gc.MaxObjectsInEditor:16777216]]
[2019.12.17-16.32.28:769][  0]LogConfig: Setting CVar [[gc.IncrementalBeginDestroyEnabled:1]]
[2019.12.17-16.32.28:769][  0]LogConfig: Setting CVar [[gc.CreateGCClusters:1]]
[2019.12.17-16.32.28:769][  0]LogConfig: Setting CVar [[gc.MinGCClusterSize:5]]
[2019.12.17-16.32.28:769][  0]LogConfig: Setting CVar [[gc.ActorClusteringEnabled:0]]
[2019.12.17-16.32.28:769][  0]LogConfig: Setting CVar [[gc.BlueprintClusteringEnabled:0]]
[2019.12.17-16.32.28:769][  0]LogConfig: Setting CVar [[gc.UseDisregardForGCOnDedicatedServers:0]]
[2019.12.17-16.32.28:769][  0]LogConfig: Applying CVar settings from Section [/Script/Engine.NetworkSettings] File [C:/Polilama/MyProject2/Saved/Config/Windows/Engine.ini]
[2019.12.17-16.32.28:769][  0]LogConfig: Applying CVar settings from Section [/Script/UnrealEd.CookerSettings] File [C:/Polilama/MyProject2/Saved/Config/Windows/Engine.ini]
[2019.12.17-16.32.28:773][  0]LogConfig: Applying CVar settings from Section [ViewDistanceQuality@3] File [C:/Polilama/MyProject2/Saved/Config/Windows/Scalability.ini]
[2019.12.17-16.32.28:773][  0]LogConfig: Setting CVar [[r.SkeletalMeshLODBias:0]]
[2019.12.17-16.32.28:773][  0]LogConfig: Setting CVar [[r.ViewDistanceScale:1.0]]
[2019.12.17-16.32.28:773][  0]LogConfig: Applying CVar settings from Section [AntiAliasingQuality@3] File [C:/Polilama/MyProject2/Saved/Config/Windows/Scalability.ini]
[2019.12.17-16.32.28:773][  0]LogConfig: Setting CVar [[r.PostProcessAAQuality:4]]
[2019.12.17-16.32.28:773][  0]LogConfig: Applying CVar settings from Section [ShadowQuality@3] File [C:/Polilama/MyProject2/Saved/Config/Windows/Scalability.ini]
[2019.12.17-16.32.28:773][  0]LogConfig: Setting CVar [[r.LightFunctionQuality:1]]
[2019.12.17-16.32.28:773][  0]LogConfig: Setting CVar [[r.ShadowQuality:5]]
[2019.12.17-16.32.28:773][  0]LogConfig: Setting CVar [[r.Shadow.CSM.MaxCascades:10]]
[2019.12.17-16.32.28:773][  0]LogConfig: Setting CVar [[r.Shadow.MaxResolution:2048]]
[2019.12.17-16.32.28:773][  0]LogConfig: Setting CVar [[r.Shadow.MaxCSMResolution:2048]]
[2019.12.17-16.32.28:773][  0]LogConfig: Setting CVar [[r.Shadow.RadiusThreshold:0.01]]
[2019.12.17-16.32.28:773][  0]LogConfig: Setting CVar [[r.Shadow.DistanceScale:1.0]]
[2019.12.17-16.32.28:773][  0]LogConfig: Setting CVar [[r.Shadow.CSM.TransitionScale:1.0]]
[2019.12.17-16.32.28:773][  0]LogConfig: Setting CVar [[r.Shadow.PreShadowResolutionFactor:1.0]]
[2019.12.17-16.32.28:773][  0]LogConfig: Setting CVar [[r.DistanceFieldShadowing:1]]
[2019.12.17-16.32.28:773][  0]LogConfig: Setting CVar [[r.DistanceFieldAO:1]]
[2019.12.17-16.32.28:773][  0]LogConfig: Setting CVar [[r.AOQuality:2]]
[2019.12.17-16.32.28:773][  0]LogConfig: Setting CVar [[r.VolumetricFog:1]]
[2019.12.17-16.32.28:773][  0]LogConfig: Setting CVar [[r.VolumetricFog.GridPixelSize:8]]
[2019.12.17-16.32.28:773][  0]LogConfig: Setting CVar [[r.VolumetricFog.GridSizeZ:128]]
[2019.12.17-16.32.28:773][  0]LogConfig: Setting CVar [[r.VolumetricFog.HistoryMissSupersampleCount:4]]
[2019.12.17-16.32.28:773][  0]LogConfig: Setting CVar [[r.LightMaxDrawDistanceScale:1]]
[2019.12.17-16.32.28:773][  0]LogConfig: Setting CVar [[r.CapsuleShadows:1]]
[2019.12.17-16.32.28:773][  0]LogConfig: Applying CVar settings from Section [PostProcessQuality@3] File [C:/Polilama/MyProject2/Saved/Config/Windows/Scalability.ini]
[2019.12.17-16.32.28:773][  0]LogConfig: Setting CVar [[r.MotionBlurQuality:4]]
[2019.12.17-16.32.28:773][  0]LogConfig: Setting CVar [[r.AmbientOcclusionMipLevelFactor:0.4]]
[2019.12.17-16.32.28:773][  0]LogConfig: Setting CVar [[r.AmbientOcclusionMaxQuality:100]]
[2019.12.17-16.32.28:773][  0]LogConfig: Setting CVar [[r.AmbientOcclusionLevels:-1]]
[2019.12.17-16.32.28:773][  0]LogConfig: Setting CVar [[r.AmbientOcclusionRadiusScale:1.0]]
[2019.12.17-16.32.28:773][  0]LogConfig: Setting CVar [[r.DepthOfFieldQuality:2]]
[2019.12.17-16.32.28:773][  0]LogConfig: Setting CVar [[r.RenderTargetPoolMin:400]]
[2019.12.17-16.32.28:773][  0]LogConfig: Setting CVar [[r.LensFlareQuality:2]]
[2019.12.17-16.32.28:773][  0]LogConfig: Setting CVar [[r.SceneColorFringeQuality:1]]
[2019.12.17-16.32.28:773][  0]LogConfig: Setting CVar [[r.EyeAdaptationQuality:2]]
[2019.12.17-16.32.28:773][  0]LogConfig: Setting CVar [[r.BloomQuality:5]]
[2019.12.17-16.32.28:773][  0]LogConfig: Setting CVar [[r.FastBlurThreshold:100]]
[2019.12.17-16.32.28:773][  0]LogConfig: Setting CVar [[r.Upscale.Quality:3]]
[2019.12.17-16.32.28:774][  0]LogConfig: Setting CVar [[r.Tonemapper.GrainQuantization:1]]
[2019.12.17-16.32.28:774][  0]LogConfig: Setting CVar [[r.LightShaftQuality:1]]
[2019.12.17-16.32.28:774][  0]LogConfig: Setting CVar [[r.Filter.SizeScale:1]]
[2019.12.17-16.32.28:774][  0]LogConfig: Setting CVar [[r.Tonemapper.Quality:5]]
[2019.12.17-16.32.28:774][  0]LogConfig: Setting CVar [[r.DOF.Gather.AccumulatorQuality:1        ; higher gathering accumulator quality]]
[2019.12.17-16.32.28:774][  0]LogConfig: Setting CVar [[r.DOF.Gather.PostfilterMethod:1          ; Median3x3 postfilering method]]
[2019.12.17-16.32.28:774][  0]LogConfig: Setting CVar [[r.DOF.Gather.EnableBokehSettings:0       ; no bokeh simulation when gathering]]
[2019.12.17-16.32.28:774][  0]LogConfig: Setting CVar [[r.DOF.Gather.RingCount:4                 ; medium number of samples when gathering]]
[2019.12.17-16.32.28:774][  0]LogConfig: Setting CVar [[r.DOF.Scatter.ForegroundCompositing:1    ; additive foreground scattering]]
[2019.12.17-16.32.28:774][  0]LogConfig: Setting CVar [[r.DOF.Scatter.BackgroundCompositing:2    ; additive background scattering]]
[2019.12.17-16.32.28:774][  0]LogConfig: Setting CVar [[r.DOF.Scatter.EnableBokehSettings:1      ; bokeh simulation when scattering]]
[2019.12.17-16.32.28:774][  0]LogConfig: Setting CVar [[r.DOF.Scatter.MaxSpriteRatio:0.1         ; only a maximum of 10% of scattered bokeh]]
[2019.12.17-16.32.28:774][  0]LogConfig: Setting CVar [[r.DOF.Recombine.Quality:1                ; cheap slight out of focus]]
[2019.12.17-16.32.28:774][  0]LogConfig: Setting CVar [[r.DOF.Recombine.EnableBokehSettings:0    ; no bokeh simulation on slight out of focus]]
[2019.12.17-16.32.28:774][  0]LogConfig: Setting CVar [[r.DOF.TemporalAAQuality:1                ; more stable temporal accumulation]]
[2019.12.17-16.32.28:774][  0]LogConfig: Setting CVar [[r.DOF.Kernel.MaxForegroundRadius:0.025]]
[2019.12.17-16.32.28:774][  0]LogConfig: Setting CVar [[r.DOF.Kernel.MaxBackgroundRadius:0.025]]
[2019.12.17-16.32.28:774][  0]LogConfig: Applying CVar settings from Section [TextureQuality@3] File [C:/Polilama/MyProject2/Saved/Config/Windows/Scalability.ini]
[2019.12.17-16.32.28:774][  0]LogConfig: Setting CVar [[r.Streaming.MipBias:0]]
[2019.12.17-16.32.28:774][  0]LogConfig: Setting CVar [[r.Streaming.AmortizeCPUToGPUCopy:0]]
[2019.12.17-16.32.28:774][  0]LogConfig: Setting CVar [[r.Streaming.MaxNumTexturesToStreamPerFrame:0]]
[2019.12.17-16.32.28:774][  0]LogConfig: Setting CVar [[r.Streaming.Boost:1]]
[2019.12.17-16.32.28:774][  0]LogConfig: Setting CVar [[r.MaxAnisotropy:8]]
[2019.12.17-16.32.28:774][  0]LogConfig: Setting CVar [[r.Streaming.LimitPoolSizeToVRAM:0]]
[2019.12.17-16.32.28:774][  0]LogConfig: Setting CVar [[r.Streaming.PoolSize:1000]]
[2019.12.17-16.32.28:774][  0]LogConfig: Setting CVar [[r.Streaming.MaxEffectiveScreenSize:0]]
[2019.12.17-16.32.28:774][  0]LogConfig: Applying CVar settings from Section [EffectsQuality@3] File [C:/Polilama/MyProject2/Saved/Config/Windows/Scalability.ini]
[2019.12.17-16.32.28:774][  0]LogConfig: Setting CVar [[r.TranslucencyLightingVolumeDim:64]]
[2019.12.17-16.32.28:774][  0]LogConfig: Setting CVar [[r.RefractionQuality:2]]
[2019.12.17-16.32.28:774][  0]LogConfig: Setting CVar [[r.SSR.Quality:3]]
[2019.12.17-16.32.28:774][  0]LogConfig: Setting CVar [[r.SceneColorFormat:4]]
[2019.12.17-16.32.28:774][  0]LogConfig: Setting CVar [[r.DetailMode:2]]
[2019.12.17-16.32.28:774][  0]LogConfig: Setting CVar [[r.TranslucencyVolumeBlur:1]]
[2019.12.17-16.32.28:774][  0]LogConfig: Setting CVar [[r.MaterialQualityLevel:1 ; High quality]]
[2019.12.17-16.32.28:774][  0]LogConfig: Setting CVar [[r.SSS.Scale:1]]
[2019.12.17-16.32.28:774][  0]LogConfig: Setting CVar [[r.SSS.SampleSet:2]]
[2019.12.17-16.32.28:774][  0]LogConfig: Setting CVar [[r.SSS.Quality:1]]
[2019.12.17-16.32.28:774][  0]LogConfig: Setting CVar [[r.SSS.HalfRes:1]]
[2019.12.17-16.32.28:774][  0]LogConfig: Setting CVar [[r.EmitterSpawnRateScale:1.0]]
[2019.12.17-16.32.28:774][  0]LogConfig: Setting CVar [[r.ParticleLightQuality:2]]
[2019.12.17-16.32.28:774][  0]LogConfig: Applying CVar settings from Section [FoliageQuality@3] File [C:/Polilama/MyProject2/Saved/Config/Windows/Scalability.ini]
[2019.12.17-16.32.28:774][  0]LogConfig: Setting CVar [[foliage.DensityScale:1.0]]
[2019.12.17-16.32.28:774][  0]LogConfig: Setting CVar [[grass.DensityScale:1.0]]
[2019.12.17-16.32.28:774][  0]LogInit: Selected Device Profile: [Windows]
[2019.12.17-16.32.28:774][  0]LogInit: Applying CVar settings loaded from the selected device profile: [Windows]
[2019.12.17-16.32.28:778][  0]LogHAL: Display: Platform has ~ 7 GB [7412989952 / 8589934592 / 7], which maps to Smaller [LargestMinGB=32, LargerMinGB=12, DefaultMinGB=8, SmallerMinGB=6, SmallestMinGB=0)
[2019.12.17-16.32.28:779][  0]LogInit: Going up to parent DeviceProfile []
[2019.12.17-16.32.28:779][  0]LogConfig: Applying CVar settings from Section [ViewDistanceQuality@3] File [C:/Polilama/MyProject2/Saved/Config/Windows/Scalability.ini]
[2019.12.17-16.32.28:779][  0]LogConfig: Setting CVar [[r.SkeletalMeshLODBias:0]]
[2019.12.17-16.32.28:779][  0]LogConfig: Setting CVar [[r.ViewDistanceScale:1.0]]
[2019.12.17-16.32.28:779][  0]LogConfig: Applying CVar settings from Section [AntiAliasingQuality@3] File [C:/Polilama/MyProject2/Saved/Config/Windows/Scalability.ini]
[2019.12.17-16.32.28:779][  0]LogConfig: Setting CVar [[r.PostProcessAAQuality:4]]
[2019.12.17-16.32.28:779][  0]LogConfig: Applying CVar settings from Section [ShadowQuality@3] File [C:/Polilama/MyProject2/Saved/Config/Windows/Scalability.ini]
[2019.12.17-16.32.28:779][  0]LogConfig: Setting CVar [[r.LightFunctionQuality:1]]
[2019.12.17-16.32.28:779][  0]LogConfig: Setting CVar [[r.ShadowQuality:5]]
[2019.12.17-16.32.28:779][  0]LogConfig: Setting CVar [[r.Shadow.CSM.MaxCascades:10]]
[2019.12.17-16.32.28:779][  0]LogConfig: Setting CVar [[r.Shadow.MaxResolution:2048]]
[2019.12.17-16.32.28:779][  0]LogConfig: Setting CVar [[r.Shadow.MaxCSMResolution:2048]]
[2019.12.17-16.32.28:779][  0]LogConfig: Setting CVar [[r.Shadow.RadiusThreshold:0.01]]
[2019.12.17-16.32.28:779][  0]LogConfig: Setting CVar [[r.Shadow.DistanceScale:1.0]]
[2019.12.17-16.32.28:779][  0]LogConfig: Setting CVar [[r.Shadow.CSM.TransitionScale:1.0]]
[2019.12.17-16.32.28:779][  0]LogConfig: Setting CVar [[r.Shadow.PreShadowResolutionFactor:1.0]]
[2019.12.17-16.32.28:779][  0]LogConfig: Setting CVar [[r.DistanceFieldShadowing:1]]
[2019.12.17-16.32.28:779][  0]LogConfig: Setting CVar [[r.DistanceFieldAO:1]]
[2019.12.17-16.32.28:779][  0]LogConfig: Setting CVar [[r.AOQuality:2]]
[2019.12.17-16.32.28:779][  0]LogConfig: Setting CVar [[r.VolumetricFog:1]]
[2019.12.17-16.32.28:779][  0]LogConfig: Setting CVar [[r.VolumetricFog.GridPixelSize:8]]
[2019.12.17-16.32.28:779][  0]LogConfig: Setting CVar [[r.VolumetricFog.GridSizeZ:128]]
[2019.12.17-16.32.28:779][  0]LogConfig: Setting CVar [[r.VolumetricFog.HistoryMissSupersampleCount:4]]
[2019.12.17-16.32.28:779][  0]LogConfig: Setting CVar [[r.LightMaxDrawDistanceScale:1]]
[2019.12.17-16.32.28:779][  0]LogConfig: Setting CVar [[r.CapsuleShadows:1]]
[2019.12.17-16.32.28:779][  0]LogConfig: Applying CVar settings from Section [PostProcessQuality@3] File [C:/Polilama/MyProject2/Saved/Config/Windows/Scalability.ini]
[2019.12.17-16.32.28:779][  0]LogConfig: Setting CVar [[r.MotionBlurQuality:4]]
[2019.12.17-16.32.28:779][  0]LogConfig: Setting CVar [[r.AmbientOcclusionMipLevelFactor:0.4]]
[2019.12.17-16.32.28:779][  0]LogConfig: Setting CVar [[r.AmbientOcclusionMaxQuality:100]]
[2019.12.17-16.32.28:779][  0]LogConfig: Setting CVar [[r.AmbientOcclusionLevels:-1]]
[2019.12.17-16.32.28:779][  0]LogConfig: Setting CVar [[r.AmbientOcclusionRadiusScale:1.0]]
[2019.12.17-16.32.28:779][  0]LogConfig: Setting CVar [[r.DepthOfFieldQuality:2]]
[2019.12.17-16.32.28:779][  0]LogConfig: Setting CVar [[r.RenderTargetPoolMin:400]]
[2019.12.17-16.32.28:779][  0]LogConfig: Setting CVar [[r.LensFlareQuality:2]]
[2019.12.17-16.32.28:779][  0]LogConfig: Setting CVar [[r.SceneColorFringeQuality:1]]
[2019.12.17-16.32.28:779][  0]LogConfig: Setting CVar [[r.EyeAdaptationQuality:2]]
[2019.12.17-16.32.28:779][  0]LogConfig: Setting CVar [[r.BloomQuality:5]]
[2019.12.17-16.32.28:779][  0]LogConfig: Setting CVar [[r.FastBlurThreshold:100]]
[2019.12.17-16.32.28:779][  0]LogConfig: Setting CVar [[r.Upscale.Quality:3]]
[2019.12.17-16.32.28:779][  0]LogConfig: Setting CVar [[r.Tonemapper.GrainQuantization:1]]
[2019.12.17-16.32.28:779][  0]LogConfig: Setting CVar [[r.LightShaftQuality:1]]
[2019.12.17-16.32.28:779][  0]LogConfig: Setting CVar [[r.Filter.SizeScale:1]]
[2019.12.17-16.32.28:779][  0]LogConfig: Setting CVar [[r.Tonemapper.Quality:5]]
[2019.12.17-16.32.28:779][  0]LogConfig: Setting CVar [[r.DOF.Gather.AccumulatorQuality:1        ; higher gathering accumulator quality]]
[2019.12.17-16.32.28:779][  0]LogConfig: Setting CVar [[r.DOF.Gather.PostfilterMethod:1          ; Median3x3 postfilering method]]
[2019.12.17-16.32.28:779][  0]LogConfig: Setting CVar [[r.DOF.Gather.EnableBokehSettings:0       ; no bokeh simulation when gathering]]
[2019.12.17-16.32.28:779][  0]LogConfig: Setting CVar [[r.DOF.Gather.RingCount:4                 ; medium number of samples when gathering]]
[2019.12.17-16.32.28:779][  0]LogConfig: Setting CVar [[r.DOF.Scatter.ForegroundCompositing:1    ; additive foreground scattering]]
[2019.12.17-16.32.28:779][  0]LogConfig: Setting CVar [[r.DOF.Scatter.BackgroundCompositing:2    ; additive background scattering]]
[2019.12.17-16.32.28:780][  0]LogConfig: Setting CVar [[r.DOF.Scatter.EnableBokehSettings:1      ; bokeh simulation when scattering]]
[2019.12.17-16.32.28:780][  0]LogConfig: Setting CVar [[r.DOF.Scatter.MaxSpriteRatio:0.1         ; only a maximum of 10% of scattered bokeh]]
[2019.12.17-16.32.28:780][  0]LogConfig: Setting CVar [[r.DOF.Recombine.Quality:1                ; cheap slight out of focus]]
[2019.12.17-16.32.28:780][  0]LogConfig: Setting CVar [[r.DOF.Recombine.EnableBokehSettings:0    ; no bokeh simulation on slight out of focus]]
[2019.12.17-16.32.28:780][  0]LogConfig: Setting CVar [[r.DOF.TemporalAAQuality:1                ; more stable temporal accumulation]]
[2019.12.17-16.32.28:780][  0]LogConfig: Setting CVar [[r.DOF.Kernel.MaxForegroundRadius:0.025]]
[2019.12.17-16.32.28:780][  0]LogConfig: Setting CVar [[r.DOF.Kernel.MaxBackgroundRadius:0.025]]
[2019.12.17-16.32.28:780][  0]LogConfig: Applying CVar settings from Section [TextureQuality@3] File [C:/Polilama/MyProject2/Saved/Config/Windows/Scalability.ini]
[2019.12.17-16.32.28:780][  0]LogConfig: Setting CVar [[r.Streaming.MipBias:0]]
[2019.12.17-16.32.28:780][  0]LogConfig: Setting CVar [[r.Streaming.AmortizeCPUToGPUCopy:0]]
[2019.12.17-16.32.28:780][  0]LogConfig: Setting CVar [[r.Streaming.MaxNumTexturesToStreamPerFrame:0]]
[2019.12.17-16.32.28:780][  0]LogConfig: Setting CVar [[r.Streaming.Boost:1]]
[2019.12.17-16.32.28:780][  0]LogConfig: Setting CVar [[r.MaxAnisotropy:8]]
[2019.12.17-16.32.28:780][  0]LogConfig: Setting CVar [[r.Streaming.LimitPoolSizeToVRAM:0]]
[2019.12.17-16.32.28:780][  0]LogConfig: Setting CVar [[r.Streaming.PoolSize:1000]]
[2019.12.17-16.32.28:780][  0]LogConfig: Setting CVar [[r.Streaming.MaxEffectiveScreenSize:0]]
[2019.12.17-16.32.28:780][  0]LogConfig: Applying CVar settings from Section [EffectsQuality@3] File [C:/Polilama/MyProject2/Saved/Config/Windows/Scalability.ini]
[2019.12.17-16.32.28:780][  0]LogConfig: Setting CVar [[r.TranslucencyLightingVolumeDim:64]]
[2019.12.17-16.32.28:780][  0]LogConfig: Setting CVar [[r.RefractionQuality:2]]
[2019.12.17-16.32.28:780][  0]LogConfig: Setting CVar [[r.SSR.Quality:3]]
[2019.12.17-16.32.28:780][  0]LogConfig: Setting CVar [[r.SceneColorFormat:4]]
[2019.12.17-16.32.28:780][  0]LogConfig: Setting CVar [[r.DetailMode:2]]
[2019.12.17-16.32.28:780][  0]LogConfig: Setting CVar [[r.TranslucencyVolumeBlur:1]]
[2019.12.17-16.32.28:780][  0]LogConfig: Setting CVar [[r.MaterialQualityLevel:1 ; High quality]]
[2019.12.17-16.32.28:780][  0]LogConfig: Setting CVar [[r.SSS.Scale:1]]
[2019.12.17-16.32.28:780][  0]LogConfig: Setting CVar [[r.SSS.SampleSet:2]]
[2019.12.17-16.32.28:780][  0]LogConfig: Setting CVar [[r.SSS.Quality:1]]
[2019.12.17-16.32.28:780][  0]LogConfig: Setting CVar [[r.SSS.HalfRes:1]]
[2019.12.17-16.32.28:780][  0]LogConfig: Setting CVar [[r.EmitterSpawnRateScale:1.0]]
[2019.12.17-16.32.28:780][  0]LogConfig: Setting CVar [[r.ParticleLightQuality:2]]
[2019.12.17-16.32.28:780][  0]LogConfig: Applying CVar settings from Section [FoliageQuality@3] File [C:/Polilama/MyProject2/Saved/Config/Windows/Scalability.ini]
[2019.12.17-16.32.28:780][  0]LogConfig: Setting CVar [[foliage.DensityScale:1.0]]
[2019.12.17-16.32.28:780][  0]LogConfig: Setting CVar [[grass.DensityScale:1.0]]
[2019.12.17-16.32.28:780][  0]LogConfig: Applying CVar settings from Section [Startup] File [../../../Engine/Config/ConsoleVariables.ini]
[2019.12.17-16.32.28:781][  0]LogConfig: Setting CVar [[net.UseAdaptiveNetUpdateFrequency:0]]
[2019.12.17-16.32.28:781][  0]LogConfig: Setting CVar [[p.chaos.AllowCreatePhysxBodies:1]]
[2019.12.17-16.32.28:781][  0]LogConfig: Applying CVar settings from Section [ConsoleVariables] File [C:/Polilama/MyProject2/Saved/Config/Windows/Engine.ini]
[2019.12.17-16.32.28:781][  0]LogInit: Computer: ALFRED
[2019.12.17-16.32.28:781][  0]LogInit: User: Wojtek
[2019.12.17-16.32.28:781][  0]LogInit: CPU Page size=4096, Cores=4
[2019.12.17-16.32.28:781][  0]LogInit: High frequency timer resolution =10.000000 MHz
[2019.12.17-16.32.28:781][  0]LogMemory: Memory total: Physical=6.9GB (7GB approx)
[2019.12.17-16.32.28:781][  0]LogMemory: Platform Memory Stats for Windows
[2019.12.17-16.32.28:781][  0]LogMemory: Process Physical Memory: 102.96 MB used, 102.97 MB peak
[2019.12.17-16.32.28:781][  0]LogMemory: Process Virtual Memory: 98.99 MB used, 98.99 MB peak
[2019.12.17-16.32.28:781][  0]LogMemory: Physical Memory: 4703.97 MB used,  2365.61 MB free, 7069.58 MB total
[2019.12.17-16.32.28:781][  0]LogMemory: Virtual Memory: 4667.43 MB used,  134213064.00 MB free, 134217728.00 MB total
[2019.12.17-16.32.28:786][  0]LogWindows: WindowsPlatformFeatures enabled
[2019.12.17-16.32.28:834][  0]LogInit: Using OS detected language (en-US).
[2019.12.17-16.32.28:834][  0]LogInit: Using OS detected locale (en-US).
[2019.12.17-16.32.28:836][  0]LogTextLocalizationManager: No specific localization for 'en-US' exists, so the 'en' localization will be used.
[2019.12.17-16.32.29:245][  0]LogInit: Setting process to per monitor DPI aware
[2019.12.17-16.32.29:316][  0]LogSlate: New Slate User Created.  User Index 0, Is Virtual User: 0
[2019.12.17-16.32.29:316][  0]LogSlate: Slate User Registered.  User Index 0, Is Virtual User: 0
[2019.12.17-16.32.29:591][  0]LogHMD: Failed to initialize OpenVR with code 110
[2019.12.17-16.32.29:591][  0]LogD3D11RHI: D3D11 adapters:
[2019.12.17-16.32.29:665][  0]LogD3D11RHI:    0. 'AMD Radeon(TM) Vega 8 Mobile Graphics' (Feature Level 11_0)
[2019.12.17-16.32.29:666][  0]LogD3D11RHI:       1009/0/3534 MB DedicatedVideo/DedicatedSystem/SharedSystem, Outputs:1, VendorId:0x1002
[2019.12.17-16.32.29:673][  0]LogD3D11RHI:    1. 'Microsoft Basic Render Driver' (Feature Level 11_0)
[2019.12.17-16.32.29:673][  0]LogD3D11RHI:       0/0/3534 MB DedicatedVideo/DedicatedSystem/SharedSystem, Outputs:0, VendorId:0x1414
[2019.12.17-16.32.29:673][  0]LogD3D11RHI: Chosen D3D11 Adapter: 0
[2019.12.17-16.32.29:694][  0]LogD3D11RHI: Creating new Direct3DDevice
[2019.12.17-16.32.29:695][  0]LogD3D11RHI:     GPU DeviceId: 0x15dd (for the marketing name, search the web for "GPU Device Id")
[2019.12.17-16.32.29:695][  0]LogWindows: EnumDisplayDevices:
[2019.12.17-16.32.29:695][  0]LogWindows:    0. 'AMD Radeon(TM) Vega 8 Mobile Graphics' (P:1 D:1)
[2019.12.17-16.32.29:696][  0]LogWindows:    1. 'AMD Radeon(TM) Vega 8 Mobile Graphics' (P:0 D:0)
[2019.12.17-16.32.29:696][  0]LogWindows:    2. 'AMD Radeon(TM) Vega 8 Mobile Graphics' (P:0 D:0)
[2019.12.17-16.32.29:697][  0]LogWindows:    3. 'AMD Radeon(TM) Vega 8 Mobile Graphics' (P:0 D:0)
[2019.12.17-16.32.29:698][  0]LogWindows: DebugString: FoundDriverCount:4 
[2019.12.17-16.32.29:698][  0]LogD3D11RHI:     Adapter Name: AMD Radeon(TM) Vega 8 Mobile Graphics
[2019.12.17-16.32.29:698][  0]LogD3D11RHI:   Driver Version: Adrenalin Q3 2018 (internal:24.20.12028.4004, unified:24.20.12028.4004)
[2019.12.17-16.32.29:698][  0]LogD3D11RHI:      Driver Date: 11-2-2018
[2019.12.17-16.32.29:698][  0]LogRHI: Texture pool is 706 MB (70% of 1009 MB)
[2019.12.17-16.32.29:752][  0]LogD3D11RHI: Async texture creation enabled
[2019.12.17-16.32.29:768][  0]LogD3D11RHI: GPU Timing Frequency: 25.000000 (Debug: 2 1)
[2019.12.17-16.32.30:363][  0]LogTemp: Display: Module 'AllDesktopTargetPlatform' loaded TargetPlatform 'AllDesktop'
[2019.12.17-16.32.30:380][  0]LogTemp: Display: Module 'MacClientTargetPlatform' loaded TargetPlatform 'MacClient'
[2019.12.17-16.32.30:398][  0]LogTemp: Display: Module 'MacNoEditorTargetPlatform' loaded TargetPlatform 'MacNoEditor'
[2019.12.17-16.32.30:412][  0]LogTemp: Display: Module 'MacServerTargetPlatform' loaded TargetPlatform 'MacServer'
[2019.12.17-16.32.30:436][  0]LogTemp: Display: Module 'MacTargetPlatform' loaded TargetPlatform 'Mac'
[2019.12.17-16.32.30:453][  0]LogTemp: Display: Module 'WindowsClientTargetPlatform' loaded TargetPlatform 'WindowsClient'
[2019.12.17-16.32.30:467][  0]LogTemp: Display: Module 'WindowsNoEditorTargetPlatform' loaded TargetPlatform 'WindowsNoEditor'
[2019.12.17-16.32.30:481][  0]LogTemp: Display: Module 'WindowsServerTargetPlatform' loaded TargetPlatform 'WindowsServer'
[2019.12.17-16.32.30:488][  0]LogTemp: Display: Module 'WindowsTargetPlatform' loaded TargetPlatform 'Windows'
[2019.12.17-16.32.30:536][  0]LogTemp: Display: Module 'AndroidTargetPlatform' loaded TargetPlatform 'Android'
[2019.12.17-16.32.30:536][  0]LogTemp: Display: Module 'AndroidTargetPlatform' loaded TargetPlatform 'Android_ASTC'
[2019.12.17-16.32.30:536][  0]LogTemp: Display: Module 'AndroidTargetPlatform' loaded TargetPlatform 'Android_ATC'
[2019.12.17-16.32.30:536][  0]LogTemp: Display: Module 'AndroidTargetPlatform' loaded TargetPlatform 'Android_DXT'
[2019.12.17-16.32.30:536][  0]LogTemp: Display: Module 'AndroidTargetPlatform' loaded TargetPlatform 'Android_ETC1'
[2019.12.17-16.32.30:536][  0]LogTemp: Display: Module 'AndroidTargetPlatform' loaded TargetPlatform 'Android_ETC1a'
[2019.12.17-16.32.30:536][  0]LogTemp: Display: Module 'AndroidTargetPlatform' loaded TargetPlatform 'Android_ETC2'
[2019.12.17-16.32.30:536][  0]LogTemp: Display: Module 'AndroidTargetPlatform' loaded TargetPlatform 'Android_PVRTC'
[2019.12.17-16.32.30:536][  0]LogTemp: Display: Module 'AndroidTargetPlatform' loaded TargetPlatform 'AndroidClient'
[2019.12.17-16.32.30:536][  0]LogTemp: Display: Module 'AndroidTargetPlatform' loaded TargetPlatform 'Android_ASTCClient'
[2019.12.17-16.32.30:537][  0]LogTemp: Display: Module 'AndroidTargetPlatform' loaded TargetPlatform 'Android_ATCClient'
[2019.12.17-16.32.30:537][  0]LogTemp: Display: Module 'AndroidTargetPlatform' loaded TargetPlatform 'Android_DXTClient'
[2019.12.17-16.32.30:537][  0]LogTemp: Display: Module 'AndroidTargetPlatform' loaded TargetPlatform 'Android_ETC1Client'
[2019.12.17-16.32.30:537][  0]LogTemp: Display: Module 'AndroidTargetPlatform' loaded TargetPlatform 'Android_ETC1aClient'
[2019.12.17-16.32.30:537][  0]LogTemp: Display: Module 'AndroidTargetPlatform' loaded TargetPlatform 'Android_ETC2Client'
[2019.12.17-16.32.30:537][  0]LogTemp: Display: Module 'AndroidTargetPlatform' loaded TargetPlatform 'Android_PVRTCClient'
[2019.12.17-16.32.30:537][  0]LogTemp: Display: Module 'AndroidTargetPlatform' loaded TargetPlatform 'Android_Multi'
[2019.12.17-16.32.30:537][  0]LogTemp: Display: Module 'AndroidTargetPlatform' loaded TargetPlatform 'Android_MultiClient'
[2019.12.17-16.32.30:540][  0]LogTemp: Display: Module 'HTML5TargetPlatform' loaded TargetPlatform 'HTML5'
[2019.12.17-16.32.30:577][  0]LogTemp: Display: Module 'IOSTargetPlatform' loaded TargetPlatform 'IOSClient'
[2019.12.17-16.32.30:577][  0]LogTemp: Display: Module 'IOSTargetPlatform' loaded TargetPlatform 'IOS'
[2019.12.17-16.32.30:606][  0]LogTemp: Display: Module 'TVOSTargetPlatform' loaded TargetPlatform 'TVOSClient'
[2019.12.17-16.32.30:606][  0]LogTemp: Display: Module 'TVOSTargetPlatform' loaded TargetPlatform 'TVOS'
[2019.12.17-16.32.30:625][  0]LogTemp: Display: Module 'LinuxClientTargetPlatform' loaded TargetPlatform 'LinuxClient'
[2019.12.17-16.32.30:635][  0]LogTemp: Display: Module 'LinuxNoEditorTargetPlatform' loaded TargetPlatform 'LinuxNoEditor'
[2019.12.17-16.32.30:647][  0]LogTemp: Display: Module 'LinuxServerTargetPlatform' loaded TargetPlatform 'LinuxServer'
[2019.12.17-16.32.30:664][  0]LogTemp: Display: Module 'LinuxTargetPlatform' loaded TargetPlatform 'Linux'
[2019.12.17-16.32.30:703][  0]LogTemp: Display: Module 'LuminTargetPlatform' loaded TargetPlatform 'Lumin'
[2019.12.17-16.32.30:703][  0]LogTemp: Display: Module 'LuminTargetPlatform' loaded TargetPlatform 'LuminClient'
[2019.12.17-16.32.30:704][  0]LogTargetPlatformManager: Display: Building Assets For Windows
[2019.12.17-16.32.30:725][  0]LogAudioDebug: Display: Lib vorbis DLL was dynamically loaded.
[2019.12.17-16.32.30:831][  0]LogShaderCompilers: Guid format shader working directory is 10 characters bigger than the processId version (../../../../../../Polilama/MyProject2/Intermediate/Shaders/WorkingDirectory/8596/).
[2019.12.17-16.32.30:832][  0]LogShaderCompilers: Cleaned the shader compiler working directory 'C:/Users/Wojtek/AppData/Local/Temp/UnrealShaderWorkingDir/23985B9F4E2658695D26DF939E4DA5A1/'.
[2019.12.17-16.32.30:836][  0]LogXGEController: Cannot use XGE Controller as Incredibuild is not installed on this machine.
[2019.12.17-16.32.30:836][  0]LogShaderCompilers: Cannot use XGE Shader Compiler as Incredibuild is not installed on this machine.
[2019.12.17-16.32.30:836][  0]LogShaderCompilers: Display: Using Local Shader Compiler.
[2019.12.17-16.32.31:690][  0]LogDerivedDataCache: Display: Max Cache Size: 512 MB
[2019.12.17-16.32.31:782][  0]LogDerivedDataCache: Loaded boot cache 0.09s 74MB C:/Users/Wojtek/AppData/Local/UnrealEngine/4.23/DerivedDataCache/Boot.ddc.
[2019.12.17-16.32.31:782][  0]LogDerivedDataCache: Display: Loaded Boot cache: C:/Users/Wojtek/AppData/Local/UnrealEngine/4.23/DerivedDataCache/Boot.ddc
[2019.12.17-16.32.31:783][  0]LogDerivedDataCache: FDerivedDataBackendGraph:  Pak pak cache file ../../../../../../Polilama/MyProject2/DerivedDataCache/DDC.ddp not found, will not use a pak cache.
[2019.12.17-16.32.31:783][  0]LogDerivedDataCache: Unable to find inner node Pak for hierarchical cache Hierarchy.
[2019.12.17-16.32.31:783][  0]LogDerivedDataCache: FDerivedDataBackendGraph:  CompressedPak pak cache file ../../../../../../Polilama/MyProject2/DerivedDataCache/Compressed.ddp not found, will not use a pak cache.
[2019.12.17-16.32.31:783][  0]LogDerivedDataCache: Unable to find inner node CompressedPak for hierarchical cache Hierarchy.
[2019.12.17-16.32.31:797][  0]LogDerivedDataCache: Display: Pak cache opened for reading ../../../Engine/DerivedDataCache/Compressed.ddp.
[2019.12.17-16.32.31:797][  0]LogDerivedDataCache: FDerivedDataBackendGraph:  EnterprisePak pak cache file ../../../Enterprise/DerivedDataCache/Compressed.ddp not found, will not use a pak cache.
[2019.12.17-16.32.31:797][  0]LogDerivedDataCache: Unable to find inner node EnterprisePak for hierarchical cache Hierarchy.
[2019.12.17-16.32.31:800][  0]LogDerivedDataCache: Using Local data cache path C:/Users/Wojtek/AppData/Local/UnrealEngine/Common/DerivedDataCache: Writable
[2019.12.17-16.32.31:800][  0]LogDerivedDataCache: Shared data cache path not found in *engine.ini, will not use an Shared cache.
[2019.12.17-16.32.31:800][  0]LogDerivedDataCache: Unable to find inner node Shared for hierarchical cache Hierarchy.
[2019.12.17-16.32.31:846][  0]LogMaterial: Verifying Global Shaders for PCD3D_SM5
[2019.12.17-16.32.31:849][  0]LogSlate: Using FreeType 2.6.0
[2019.12.17-16.32.31:850][  0]LogSlate: SlateFontServices - WITH_FREETYPE: 1, WITH_HARFBUZZ: 1
[2019.12.17-16.32.31:950][  0]LogAssetRegistry: FAssetRegistry took 0.0041 seconds to start up
[2019.12.17-16.32.32:403][  0]LogInit: Selected Device Profile: [Windows]
[2019.12.17-16.32.32:615][  0]LogMeshReduction: Using QuadricMeshReduction for automatic static mesh reduction
[2019.12.17-16.32.32:615][  0]LogMeshReduction: Using SimplygonMeshReduction for automatic skeletal mesh reduction
[2019.12.17-16.32.32:615][  0]LogMeshReduction: Using ProxyLODMeshReduction for automatic mesh merging
[2019.12.17-16.32.32:615][  0]LogMeshReduction: No distributed automatic mesh merging module available
[2019.12.17-16.32.32:615][  0]LogMeshMerging: No distributed automatic mesh merging module available
[2019.12.17-16.32.32:636][  0]LogNetVersion: MyProject2 1.0.0, NetCL: 8386587, EngineNetVer: 11, GameNetVer: 0 (Checksum: 4230709586)
[2019.12.17-16.32.33:422][  0]LogPackageLocalizationCache: Processed 12 localized package path(s) for 1 prioritized culture(s) in 0.133924 seconds
[2019.12.17-16.32.33:438][  0]LogUObjectArray: 43444 objects as part of root set at end of initial load.
[2019.12.17-16.32.33:439][  0]LogUObjectAllocator: 7548648 out of 0 bytes used by permanent object pool.
[2019.12.17-16.32.33:439][  0]LogUObjectArray: CloseDisregardForGC: 0/0 objects in disregard for GC pool
[2019.12.17-16.32.34:843][  0]LogTcpMessaging: Initializing TcpMessaging bridge
[2019.12.17-16.32.34:850][  0]LogUdpMessaging: Initializing bridge on interface 0.0.0.0:0 to multicast group 230.0.0.1:6666.
[2019.12.17-16.32.34:968][  0]SourceControl: Source control is disabled
[2019.12.17-16.32.34:968][  0]SourceControl: Source control is disabled
[2019.12.17-16.32.34:972][  0]SourceControl: Source control is disabled
[2019.12.17-16.32.34:975][  0]SourceControl: Source control is disabled
[2019.12.17-16.32.35:176][  0]LogAndroidPermission: UAndroidPermissionCallbackProxy::GetInstance
[2019.12.17-16.32.35:359][  0]LogOcInput: OculusInput pre-init called
[2019.12.17-16.32.35:373][  0]LogWindows: Failed to load 'OVRPlugin.dll' (GetLastError=126)
[2019.12.17-16.32.35:373][  0]LogWindows: File 'OVRPlugin.dll' does not exist
[2019.12.17-16.32.35:493][  0]LogEngine: Initializing Engine...
[2019.12.17-16.32.35:494][  0]LogHMD: Failed to initialize OpenVR with code 110
[2019.12.17-16.32.35:496][  0]LogStats: UGameplayTagsManager::InitializeManager -  0.000 s
[2019.12.17-16.32.35:837][  0]LogInit: Initializing FReadOnlyCVARCache
[2019.12.17-16.32.35:858][  0]LogAIModule: Creating AISystem for world Untitled
[2019.12.17-16.32.35:881][  0]LogInit: XAudio2 using 'Speakers (2- Realtek(R) Audio)' : 2 channels at 48 kHz using 32 bits per sample (channel mask 0x3)
[2019.12.17-16.32.36:623][  0]LogInit: FAudioDevice initialized.
[2019.12.17-16.32.36:623][  0]LogNetVersion: Set ProjectVersion to 1.0.0.0. Version Checksum will be recalculated on next use.
[2019.12.17-16.32.36:740][  0]LogDerivedDataCache: Saved boot cache 0.12s 73MB C:/Users/Wojtek/AppData/Local/UnrealEngine/4.23/DerivedDataCache/Boot.ddc.
[2019.12.17-16.32.36:768][  0]LogInit: Texture streaming: Enabled
[2019.12.17-16.32.36:811][  0]LogEngineSessionManager: EngineSessionManager initialized
[2019.12.17-16.32.36:812][  0]LogEditorSessionSummary: Verbose: Initializing EditorSessionSummaryWriter for editor session tracking
[2019.12.17-16.32.36:813][  0]LogEditorSessionSummary: EditorSessionSummaryWriter initialized
[2019.12.17-16.32.36:919][  0]LogInit: Transaction tracking system initialized
[2019.12.17-16.32.36:982][  0]BlueprintLog: New page: Editor Load
[2019.12.17-16.32.37:154][  0]LocalizationService: Localization service is disabled
[2019.12.17-16.32.37:648][  0]LogFileCache: Scanning file cache for directory 'C:/Polilama/MyProject2/Content/' took 0.01s
[2019.12.17-16.32.37:649][  0]LogCook: Display: Max memory allowance for cook 16384mb min free memory 0mb
[2019.12.17-16.32.37:649][  0]LogCook: Display: Mobile HDR setting 1
[2019.12.17-16.32.38:012][  0]SourceControl: Source control is disabled
[2019.12.17-16.32.38:012][  0]Cmd: MAP LOAD FILE="../../../../../../Polilama/MyProject2/Content/ThirdPersonBP/Maps/ThirdPersonExampleMap.umap" TEMPLATE=0 SHOWPROGRESS=1 FEATURELEVEL=3
[2019.12.17-16.32.38:023][  0]LightingResults: New page: Lighting Build
[2019.12.17-16.32.38:028][  0]LogWorld: UWorld::CleanupWorld for Untitled, bSessionEnded=true, bCleanupResources=true
[2019.12.17-16.32.38:029][  0]MapCheck: New page: Map Check
[2019.12.17-16.32.38:029][  0]LightingResults: New page: Lighting Build
[2019.12.17-16.32.38:074][  0]LogUObjectHash: Compacting FUObjectHashTables data took   6.00ms
[2019.12.17-16.32.39:062][  0]LogAIModule: Creating AISystem for world ThirdPersonExampleMap
[2019.12.17-16.32.39:111][  0]LogEditorServer: Finished looking for orphan Actors (0.000 secs)
[2019.12.17-16.32.39:188][  0]LogUObjectHash: Compacting FUObjectHashTables data took   6.21ms
[2019.12.17-16.32.39:188][  0]Cmd: MAP CHECKDEP NOCLEARLOG
[2019.12.17-16.32.39:189][  0]MapCheck: Map check complete: 0 Error(s), 0 Warning(s), took 0.414ms to complete.
[2019.12.17-16.32.39:189][  0]LogFileHelpers: Loading map 'ThirdPersonExampleMap' took 1.177
[2019.12.17-16.32.39:455][  0]LogSlate: Updating window title bar state: overlay mode, drag disabled, window buttons hidden, title bar hidden
[2019.12.17-16.32.39:467][  0]LogSlate: Updating window title bar state: overlay mode, drag disabled, window buttons hidden, title bar hidden
[2019.12.17-16.32.39:479][  0]LogSlate: Updating window title bar state: overlay mode, drag disabled, window buttons hidden, title bar hidden
[2019.12.17-16.32.39:490][  0]LogSlate: Updating window title bar state: overlay mode, drag disabled, window buttons hidden, title bar hidden
[2019.12.17-16.32.39:528][  0]LogCollectionManager: Loaded 0 collections in 0.005724 seconds
[2019.12.17-16.32.39:568][  0]LogFileCache: Scanning file cache for directory 'C:/Polilama/MyProject2/Saved/Collections/' took 0.00s
[2019.12.17-16.32.39:568][  0]LogFileCache: Scanning file cache for directory 'C:/Polilama/MyProject2/Content/Developers/Wojtek/Collections/' took 0.00s
[2019.12.17-16.32.39:568][  0]LogFileCache: Scanning file cache for directory 'C:/Polilama/MyProject2/Content/Collections/' took 0.00s
[2019.12.17-16.32.39:568][  0]LogCollectionManager: Rebuilt the GUID cache for 0 collections in 0.000004 seconds
[2019.12.17-16.32.39:584][  0]LogContentBrowser: Native class hierarchy populated in 0.0143 seconds. Added 2863 classes and 680 folders.
[2019.12.17-16.32.39:612][  0]LogContentBrowser: Native class hierarchy updated for 'WidgetCarousel' in 0.0004 seconds. Added 0 classes and 0 folders.
[2019.12.17-16.32.40:238][  0]LogContentBrowser: Native class hierarchy updated for 'AddContentDialog' in 0.0006 seconds. Added 0 classes and 0 folders.
[2019.12.17-16.32.40:294][  0]LogContentBrowser: Native class hierarchy updated for 'SceneOutliner' in 0.0005 seconds. Added 1 classes and 2 folders.
[2019.12.17-16.32.40:361][  0]LogSlate: Took 0.000391 seconds to synchronously load lazily loaded font '../../../Engine/Content/Slate/Fonts/Roboto-Regular.ttf' (155K)
[2019.12.17-16.32.40:365][  0]LogSlate: Took 0.000354 seconds to synchronously load lazily loaded font '../../../Engine/Content/Slate/Fonts/Roboto-Bold.ttf' (160K)
[2019.12.17-16.32.40:390][  0]LogSlate: Took 0.012533 seconds to synchronously load lazily loaded font '../../../Engine/Content/Editor/Slate/Fonts/FontAwesome.ttf' (139K)
[2019.12.17-16.32.40:576][  0]LogRenderer: Reallocating scene render targets to support 964x436 Format 10 NumSamples 1 (Frame:1).
[2019.12.17-16.32.40:849][  0]LogContentBrowser: Native class hierarchy updated for 'HierarchicalLODOutliner' in 0.0003 seconds. Added 0 classes and 0 folders.
[2019.12.17-16.32.40:849][  0]LogLoad: (Engine Initialization) Total time: 14.60 seconds
[2019.12.17-16.32.40:849][  0]LogLoad: (Engine Initialization) Total Blueprint compile time: 0.00 seconds
[2019.12.17-16.32.40:898][  0]LogContentStreaming: Texture pool size now 1000 MB
[2019.12.17-16.32.40:961][  0]LogSlate: Took 0.018787 seconds to synchronously load lazily loaded font '../../../Engine/Content/Slate/Fonts/Roboto-Light.ttf' (167K)
[2019.12.17-16.32.54:158][852]LogEditorViewport: Clicking on Actor (LMB): TextRenderActor (TextRenderActor)
[2019.12.17-16.32.54:389][854]LogAssetRegistry: Asset discovery search completed in 22.4412 seconds
[2019.12.17-16.32.54:395][854]LogCollectionManager: Rebuilt the object cache for 0 collections in 0.000012 seconds (found 0 objects)
[2019.12.17-16.32.54:395][854]LogCollectionManager: Fixed up redirectors for 0 collections in 0.000166 seconds (updated 0 objects)
[2019.12.17-16.32.55:665][933]LogEditorViewport: Clicking on Actor (LMB): StaticMeshActor (Floor)
[2019.12.17-16.32.58:181][ 59]LogSlate: FSceneViewport::OnFocusLost() reason 2
[2019.12.17-16.32.59:210][140]LogTemp: Repeating last play command: Selected Viewport
[2019.12.17-16.32.59:269][140]LogBlueprintUserMessages: Early PlayInEditor Detection: Level '/Game/ThirdPersonBP/Maps/ThirdPersonExampleMap.ThirdPersonExampleMap:PersistentLevel' has LevelScriptBlueprint '/Game/ThirdPersonBP/Maps/ThirdPersonExampleMap.ThirdPersonExampleMap:PersistentLevel.ThirdPersonExampleMap' with GeneratedClass '/Game/ThirdPersonBP/Maps/ThirdPersonExampleMap.ThirdPersonExampleMap_C' with ClassGeneratedBy '/Game/ThirdPersonBP/Maps/ThirdPersonExampleMap.ThirdPersonExampleMap:PersistentLevel.ThirdPersonExampleMap'
[2019.12.17-16.32.59:270][140]LogPlayLevel: PlayLevel: No blueprints needed recompiling
[2019.12.17-16.32.59:278][140]PIE: New page: PIE session: ThirdPersonExampleMap (Dec 17, 2019, 6:32:59 PM)
[2019.12.17-16.32.59:281][140]LogOnline: OSS: Creating online subsystem instance for: NULL
[2019.12.17-16.32.59:296][140]LogPlayLevel: Creating play world package: /Game/ThirdPersonBP/Maps/UEDPIE_0_ThirdPersonExampleMap
[2019.12.17-16.32.59:332][140]LogPlayLevel: PIE: StaticDuplicateObject took: (0.036708s)
[2019.12.17-16.32.59:336][140]LogAIModule: Creating AISystem for world ThirdPersonExampleMap
[2019.12.17-16.32.59:338][140]LogPlayLevel: PIE: World Init took: (0.005332s)
[2019.12.17-16.32.59:338][140]LogPlayLevel: PIE: Created PIE world by copying editor world from /Game/ThirdPersonBP/Maps/ThirdPersonExampleMap.ThirdPersonExampleMap to /Game/ThirdPersonBP/Maps/UEDPIE_0_ThirdPersonExampleMap.ThirdPersonExampleMap (0.042831s)
[2019.12.17-16.32.59:388][140]LogUObjectHash: Compacting FUObjectHashTables data took   3.27ms
[2019.12.17-16.32.59:403][140]LogInit: XAudio2 using 'Speakers (2- Realtek(R) Audio)' : 2 channels at 48 kHz using 32 bits per sample (channel mask 0x3)
[2019.12.17-16.32.59:426][140]LogInit: FAudioDevice initialized.
[2019.12.17-16.32.59:453][140]LogLoad: Game class is 'ThirdPersonGameMode_C'
[2019.12.17-16.32.59:473][140]LogWorld: Bringing World /Game/ThirdPersonBP/Maps/UEDPIE_0_ThirdPersonExampleMap.ThirdPersonExampleMap up for play (max tick rate 0) at 2019.12.17-17.32.59
[2019.12.17-16.32.59:476][140]LogWorld: Bringing up level for play took: 0.006637
[2019.12.17-16.32.59:480][140]LogOnline: OSS: Creating online subsystem instance for: :Context_3
[2019.12.17-16.32.59:531][140]LogContentBrowser: Native class hierarchy updated for 'MovieSceneCapture' in 0.0008 seconds. Added 20 classes and 0 folders.
[2019.12.17-16.32.59:538][140]PIE: Play in editor start time for /Game/ThirdPersonBP/Maps/UEDPIE_0_ThirdPersonExampleMap 0.381
[2019.12.17-16.32.59:538][140]LogBlueprintUserMessages: Late PlayInEditor Detection: Level '/Game/ThirdPersonBP/Maps/ThirdPersonExampleMap.ThirdPersonExampleMap:PersistentLevel' has LevelScriptBlueprint '/Game/ThirdPersonBP/Maps/ThirdPersonExampleMap.ThirdPersonExampleMap:PersistentLevel.ThirdPersonExampleMap' with GeneratedClass '/Game/ThirdPersonBP/Maps/ThirdPersonExampleMap.ThirdPersonExampleMap_C' with ClassGeneratedBy '/Game/ThirdPersonBP/Maps/ThirdPersonExampleMap.ThirdPersonExampleMap:PersistentLevel.ThirdPersonExampleMap'
[2019.12.17-16.33.55:272][240]LogBlueprintUserMessages: Early EndPlayMap Detection: Level '/Game/ThirdPersonBP/Maps/ThirdPersonExampleMap.ThirdPersonExampleMap:PersistentLevel' has LevelScriptBlueprint '/Game/ThirdPersonBP/Maps/ThirdPersonExampleMap.ThirdPersonExampleMap:PersistentLevel.ThirdPersonExampleMap' with GeneratedClass '/Game/ThirdPersonBP/Maps/ThirdPersonExampleMap.ThirdPersonExampleMap_C' with ClassGeneratedBy '/Game/ThirdPersonBP/Maps/ThirdPersonExampleMap.ThirdPersonExampleMap:PersistentLevel.ThirdPersonExampleMap'
[2019.12.17-16.33.55:279][240]LogSlate: Updating window title bar state: overlay mode, drag disabled, window buttons hidden, title bar hidden
[2019.12.17-16.33.55:279][240]LogWorld: BeginTearingDown for /Game/ThirdPersonBP/Maps/UEDPIE_0_ThirdPersonExampleMap
[2019.12.17-16.33.55:280][240]LogWorld: UWorld::CleanupWorld for ThirdPersonExampleMap, bSessionEnded=true, bCleanupResources=true
[2019.12.17-16.33.55:298][240]LogPlayLevel: Display: Shutting down PIE online subsystems
[2019.12.17-16.33.55:299][240]LogBlueprintUserMessages: Late EndPlayMap Detection: Level '/Game/ThirdPersonBP/Maps/ThirdPersonExampleMap.ThirdPersonExampleMap:PersistentLevel' has LevelScriptBlueprint '/Game/ThirdPersonBP/Maps/ThirdPersonExampleMap.ThirdPersonExampleMap:PersistentLevel.ThirdPersonExampleMap' with GeneratedClass '/Game/ThirdPersonBP/Maps/ThirdPersonExampleMap.ThirdPersonExampleMap_C' with ClassGeneratedBy '/Game/ThirdPersonBP/Maps/ThirdPersonExampleMap.ThirdPersonExampleMap:PersistentLevel.ThirdPersonExampleMap'
[2019.12.17-16.33.55:362][240]LogSlate: Updating window title bar state: overlay mode, drag disabled, window buttons hidden, title bar hidden
[2019.12.17-16.33.55:369][240]LogUObjectHash: Compacting FUObjectHashTables data took   3.75ms
[2019.12.17-16.33.55:404][241]LogPlayLevel: Display: Destroying online subsystem :Context_3
[2019.12.17-16.34.09:066][231]LogEditorViewport: Clicking on Actor (LMB): StaticMeshActor (Floor)
[2019.12.17-16.34.21:655][ 44]Cmd: TRANSACTION UNDO
[2019.12.17-16.34.21:688][ 44]LogEditorTransaction: Undo Move Actors
[2019.12.17-16.34.21:710][ 44]LogSlate: Took 0.000516 seconds to synchronously load lazily loaded font '../../../Engine/Content/Slate/Fonts/Roboto-Light.ttf' (167K)
[2019.12.17-16.34.22:108][ 62]Cmd: TRANSACTION UNDO
[2019.12.17-16.34.22:108][ 62]LogEditorTransaction: Undo Clicking on Actors
[2019.12.17-16.34.25:991][273]LogEditorViewport: Clicking on Actor (LMB): StaticMeshActor (Floor)
[2019.12.17-16.34.28:553][417]LogSlate: FSceneViewport::OnFocusLost() reason 2
[2019.12.17-16.34.30:367][488]LogSlate: FSceneViewport::OnFocusLost() reason 5
[2019.12.17-16.34.30:444][488]LogSlate: FSceneViewport::OnFocusLost() reason 5
[2019.12.17-16.34.36:315][488]LogSlate: Window 'Pick Parent Class' being destroyed
[2019.12.17-16.34.36:352][488]LogSlate: FSceneViewport::OnFocusLost() reason 5
[2019.12.17-16.34.41:256][488]LogSlate: Window 'Create Blank Blueprint Class' being destroyed
[2019.12.17-16.34.41:300][488]LogSlate: FSceneViewport::OnFocusLost() reason 5
[2019.12.17-16.34.41:308][488]LogAssetEditorManager: Opening Asset editor for Blueprint /Game/Geometry/Meshes/NewBlueprint.NewBlueprint
[2019.12.17-16.34.41:889][488]LogContentBrowser: Native class hierarchy updated for 'BlueprintGraph' in 0.0014 seconds. Added 121 classes and 0 folders.
[2019.12.17-16.34.44:172][489]LogEditorSessionSummary: EditorSessionSummary sent report. Type=Shutdown, SessionId={907431A4-4381-1644-3853-0C9771F43771}
[2019.12.17-16.35.00:966][ 53]LogSlate: FSceneViewport::OnFocusLost() reason 0
[2019.12.17-16.36.29:810][138]LogSlate: Window 'NewBlueprint' being destroyed
[2019.12.17-16.36.29:818][138]LogSlate: Window 'NewBlueprint' being destroyed
[2019.12.17-16.36.29:877][138]LogWorld: UWorld::CleanupWorld for World_2, bSessionEnded=true, bCleanupResources=true
[2019.12.17-16.36.31:402][228]LogEditorViewport: Clicking on Actor (LMB): ThirdPersonCharacter_C (ThirdPersonCharacter)
[2019.12.17-16.36.42:926][714]LogSlate: FSceneViewport::OnFocusLost() reason 0
[2019.12.17-16.36.43:181][722]LogActorFactory: Actor Factory created Cube
[2019.12.17-16.36.43:696][736]LogActorFactory: Actor Factory created Cube
[2019.12.17-16.36.44:806][781]LogSlate: FSceneViewport::OnFocusLost() reason 0
[2019.12.17-16.36.44:995][787]LogActorFactory: Actor Factory created Cube
[2019.12.17-16.36.45:460][809]LogActorFactory: Actor Factory created Cube
[2019.12.17-16.36.46:297][857]LogSlate: FSceneViewport::OnFocusLost() reason 0
[2019.12.17-16.36.47:453][926]LogActorFactory: Actor Factory created Cube
[2019.12.17-16.36.47:858][948]LogActorFactory: Actor Factory created Cube
[2019.12.17-16.36.48:825][997]LogSlate: FSceneViewport::OnFocusLost() reason 0
[2019.12.17-16.36.49:035][  4]LogActorFactory: Actor Factory created Cylinder
[2019.12.17-16.36.49:606][ 29]LogActorFactory: Actor Factory created Cylinder
[2019.12.17-16.36.57:300][545]LogSlate: FSceneViewport::OnFocusLost() reason 0
[2019.12.17-16.36.57:638][554]LogUObjectHash: Compacting FUObjectHashTables data took   6.65ms
[2019.12.17-16.36.58:214][554]LogSavePackage: Moving '../../../../../../Polilama/MyProject2/Saved/ThirdPersonExampleMapDF4F9641461AF737AA53CBAE9669562B.tmp' to '../../../../../../Polilama/MyProject2/Content/ThirdPersonBP/Maps/ThirdPersonExampleMap.umap'
[2019.12.17-16.36.58:657][554]LogSavePackage: Moving '../../../../../../Polilama/MyProject2/Saved/ThirdPersonExampleMap_BuiltData697989D147760AB6B26050AAEFE13B50.tmp' to '../../../../../../Polilama/MyProject2/Content/ThirdPersonBP/Maps/ThirdPersonExampleMap_BuiltData.uasset'
[2019.12.17-16.37.00:134][641]LogSlate: FSceneViewport::OnFocusLost() reason 0
